Build started 8/22/2013 12:46:40 PM.
     1>Project "C:\Users\labuser\Documents\Projects\MMSource\micromanager-1.4\DeviceAdapters\MCCDaq\MCCDaq.vcxproj" on node 2 (build target(s)).
     1>InitializeBuildStatus:
         Touching "Win32\Debug\MCCDaq.unsuccessfulbuild".
       ClCompile:
         C:\Program Files\Microsoft Visual Studio 10.0\VC\bin\CL.exe /c /I..\..\..\3rdParty\MCCDaq /Zi /nologo /W4 /WX- /Od /Oy- /D WIN32 /D _DEBUG /D _WINDOWS /D _USRDLL /D MODULE_EXPORTS /D _WINDLL /D _MBCS /Gm /EHa /RTC1 /MTd /GS /fp:precise /Zc:wchar_t /Zc:forScope /GR /Fo"Win32\Debug\\" /Fd"Win32\Debug\vc100.pdb" /Gd /TP /wd4290 /analyze- /errorReport:prompt MCCDaq.cpp
         MCCDaq.cpp
       ManifestResourceCompile:
         C:\Program Files\Microsoft SDKs\Windows\v7.0A\bin\rc.exe /nologo /fo"Win32\Debug\MCCDaq.dll.embed.manifest.res" Win32\Debug\MCCDaq_manifest.rc 
     1>C:\Program Files\MSBuild\Microsoft.Cpp\v4.0\Microsoft.CppBuild.targets(990,5): warning MSB8012: TargetPath(C:\Users\labuser\Documents\Projects\MMSource\micromanager-1.4\DeviceAdapters\MCCDaq\Win32\Debug\MCCDaq.dll) does not match the Linker's OutputFile property value (C:\Users\labuser\Documents\Projects\MMSource\micromanager-1.4\DeviceAdapters\MCCDaq\Win32\Debug\mmgr_dal_MCCDaq.dll). This may cause your project to build incorrectly. To correct this, please make sure that $(OutDir), $(TargetName) and $(TargetExt) property values match the value specified in %(Link.OutputFile).
     1>C:\Program Files\MSBuild\Microsoft.Cpp\v4.0\Microsoft.CppBuild.targets(992,5): warning MSB8012: TargetName(MCCDaq) does not match the Linker's OutputFile property value (mmgr_dal_MCCDaq). This may cause your project to build incorrectly. To correct this, please make sure that $(OutDir), $(TargetName) and $(TargetExt) property values match the value specified in %(Link.OutputFile).
       Link:
         C:\Program Files\Microsoft Visual Studio 10.0\VC\bin\link.exe /ERRORREPORT:PROMPT /OUT:"Win32\Debug\mmgr_dal_MCCDaq.dll" /INCREMENTAL /NOLOGO /LIBPATH:..\..\..\3rdParty\MCCDaq cbw32.lib kernel32.lib user32.lib gdi32.lib winspool.lib comdlg32.lib advapi32.lib shell32.lib ole32.lib oleaut32.lib uuid.lib odbc32.lib odbccp32.lib /MANIFEST /ManifestFile:"Win32\Debug\MCCDaq.dll.intermediate.manifest" /MANIFESTUAC:"level='asInvoker' uiAccess='false'" /DEBUG /PDB:"Win32\Debug\MCCDaq.pdb" /SUBSYSTEM:WINDOWS /TLBID:1 /DYNAMICBASE:NO /IMPLIB:"Win32\Debug\MCCDaq.lib" /MACHINE:X86 /DLL Win32\Debug\MCCDaq.dll.embed.manifest.res
         Win32\Debug\DeviceUtils.obj
         Win32\Debug\MCCDaq.obj
         Win32\Debug\ModuleInterface.obj
         Win32\Debug\Property.obj
            Creating library Win32\Debug\MCCDaq.lib and object Win32\Debug\MCCDaq.exp
       Manifest:
         C:\Program Files\Microsoft SDKs\Windows\v7.0A\bin\mt.exe /nologo /verbose /out:"Win32\Debug\MCCDaq.dll.embed.manifest" /manifest Win32\Debug\MCCDaq.dll.intermediate.manifest
         C:\Program Files\Microsoft SDKs\Windows\v7.0A\bin\rc.exe /nologo /fo"Win32\Debug\MCCDaq.dll.embed.manifest.res" Win32\Debug\MCCDaq_manifest.rc 
       LinkEmbedManifest:
         C:\Program Files\Microsoft Visual Studio 10.0\VC\bin\link.exe /ERRORREPORT:PROMPT /OUT:"Win32\Debug\mmgr_dal_MCCDaq.dll" /INCREMENTAL /NOLOGO /LIBPATH:..\..\..\3rdParty\MCCDaq cbw32.lib kernel32.lib user32.lib gdi32.lib winspool.lib comdlg32.lib advapi32.lib shell32.lib ole32.lib oleaut32.lib uuid.lib odbc32.lib odbccp32.lib /MANIFEST /ManifestFile:"Win32\Debug\MCCDaq.dll.intermediate.manifest" /MANIFESTUAC:"level='asInvoker' uiAccess='false'" /DEBUG /PDB:"Win32\Debug\MCCDaq.pdb" /SUBSYSTEM:WINDOWS /TLBID:1 /DYNAMICBASE:NO /IMPLIB:"Win32\Debug\MCCDaq.lib" /MACHINE:X86 /DLL Win32\Debug\MCCDaq.dll.embed.manifest.res
         Win32\Debug\DeviceUtils.obj
         Win32\Debug\MCCDaq.obj
         Win32\Debug\ModuleInterface.obj
         Win32\Debug\Property.obj
            Creating library Win32\Debug\MCCDaq.lib and object Win32\Debug\MCCDaq.exp
         MCCDaq.vcxproj -> C:\Users\labuser\Documents\Projects\MMSource\micromanager-1.4\DeviceAdapters\MCCDaq\Win32\Debug\MCCDaq.dll
       PostBuildEvent:
         copy "C:\Users\labuser\Documents\Projects\MMSource\micromanager-1.4\DeviceAdapters\MCCDaq\Win32\Debug\MCCDaq.dll" ..\..\bin_Win32
         :VCEnd
         The system cannot find the file specified.
     1>C:\Program Files\MSBuild\Microsoft.Cpp\v4.0\Microsoft.CppCommon.targets(113,5): error MSB3073: The command "copy "C:\Users\labuser\Documents\Projects\MMSource\micromanager-1.4\DeviceAdapters\MCCDaq\Win32\Debug\MCCDaq.dll" ..\..\bin_Win32
C:\Program Files\MSBuild\Microsoft.Cpp\v4.0\Microsoft.CppCommon.targets(113,5): error MSB3073: :VCEnd" exited with code 1.
     1>Done Building Project "C:\Users\labuser\Documents\Projects\MMSource\micromanager-1.4\DeviceAdapters\MCCDaq\MCCDaq.vcxproj" (build target(s)) -- FAILED.

Build FAILED.

Time Elapsed 00:00:03.55
